2023-01-08 14:59:19,573 INFO  [Log] ********************************** 
2023-01-08 14:59:19,573 INFO  [Log] ***************************************** 
2023-01-08 14:59:19,573 INFO  [Log] ############   My first test case is Login test ################ 
2023-01-08 14:59:19,573 INFO  [Log] ********************************** 
2023-01-08 14:59:19,573 INFO  [Log] ***************************************** 
2023-01-08 14:59:19,573 INFO  [Log] My login test is going on 
2023-01-08 14:59:19,573 INFO  [Log] My test case might be failed 
2023-01-08 14:59:26,261 INFO  [Log] My test case is about to complete 
2023-01-08 14:59:26,261 INFO  [Log] ################################## 
2023-01-08 14:59:26,261 INFO  [Log] ########################################## 
2023-01-08 14:59:26,261 INFO  [Log] ############   This is my login test again ################ 
2023-01-08 14:59:26,261 INFO  [Log] ########################## 
2023-01-08 14:59:26,261 INFO  [Log] ########################################## 
2023-01-08 15:03:03,394 INFO  [Log] ********************************** 
2023-01-08 15:03:03,394 INFO  [Log] ***************************************** 
2023-01-08 15:03:03,394 INFO  [Log] ############   My first test case is Login test ################ 
2023-01-08 15:03:03,394 INFO  [Log] ********************************** 
2023-01-08 15:03:03,394 INFO  [Log] ***************************************** 
2023-01-08 15:03:03,394 INFO  [Log] My login test is going on 
2023-01-08 15:03:03,394 INFO  [Log] My test case might be failed 
2023-01-08 15:03:10,474 INFO  [Log] My test case is about to complete 
2023-01-08 15:03:10,474 INFO  [Log] ################################## 
2023-01-08 15:03:10,474 INFO  [Log] ########################################## 
2023-01-08 15:03:10,474 INFO  [Log] ############   This is my login test again ################ 
2023-01-08 15:03:10,475 INFO  [Log] ########################## 
2023-01-08 15:03:10,475 INFO  [Log] ########################################## 
2023-01-08 15:05:47,013 INFO  [Log] ********************************** 
2023-01-08 15:05:47,014 INFO  [Log] ***************************************** 
2023-01-08 15:05:47,014 INFO  [Log] ############   My first test case is Login test ################ 
2023-01-08 15:05:47,014 INFO  [Log] ********************************** 
2023-01-08 15:05:47,014 INFO  [Log] ***************************************** 
2023-01-08 15:05:47,014 INFO  [Log] My login test is going on 
2023-01-08 15:05:47,014 INFO  [Log] My test case might be failed 
2023-01-08 15:05:54,781 INFO  [Log] My test case is about to complete 
2023-01-08 15:05:54,782 INFO  [Log] ################################## 
2023-01-08 15:05:54,782 INFO  [Log] ########################################## 
2023-01-08 15:05:54,782 INFO  [Log] ############   This is my login test again ################ 
2023-01-08 15:05:54,782 INFO  [Log] ########################## 
2023-01-08 15:05:54,782 INFO  [Log] ########################################## 
